==============================================================
 Starting file downloader at 2020-12-04T12:42:05.401928
Starting internal_consumer
First on heap: []
Too soon to download. Sleeping...
downloads_waiting_crawl_end - downloads waiting: []
downloads_waiting_crawl_end - crawlers_done: []
Starting internal_producer
['flags.json']
First on heap: []
Too soon to download. Sleeping...
['flags.json']
First on heap: []
Too soon to download. Sleeping...
['flags.json']
First on heap: []
Too soon to download. Sleeping...
['flags.json']
First on heap: []
Too soon to download. Sleeping...
['flags.json']
First on heap: []
Too soon to download. Sleeping...
['flags.json']
First on heap: []
Too soon to download. Sleeping...
['flags.json']
First on heap: []
Too soon to download. Sleeping...
['flags.json']
First on heap: []
Too soon to download. Sleeping...
['flags.json']
First on heap: []
Too soon to download. Sleeping...
['flags.json']
First on heap: []
Too soon to download. Sleeping...
['flags.json']
First on heap: []
Too soon to download. Sleeping...
['flags.json']
['flags.json']
First on heap: []
Too soon to download. Sleeping...
downloads_waiting_crawl_end - downloads waiting: []
downloads_waiting_crawl_end - crawlers_done: []
['flags.json']
First on heap: []
Too soon to download. Sleeping...
['flags.json']
First on heap: []
Too soon to download. Sleeping...
First on heap: []
Too soon to download. Sleeping...
['flags.json']
First on heap: []
Too soon to download. Sleeping...
['flags.json']
['flags.json']
First on heap: []
Too soon to download. Sleeping...
['flags.json']
First on heap: []
Too soon to download. Sleeping...
['flags.json']
First on heap: []
Too soon to download. Sleeping...
['flags.json']
First on heap: []
Too soon to download. Sleeping...
['flags.json']
First on heap: []
Too soon to download. Sleeping...
['flags.json']
First on heap: []
Too soon to download. Sleeping...
['flags.json']
First on heap: []
Too soon to download. Sleeping...
downloads_waiting_crawl_end - downloads waiting: []
downloads_waiting_crawl_end - crawlers_done: []
['flags.json']
First on heap: []
Too soon to download. Sleeping...
['flags.json']
First on heap: []
Too soon to download. Sleeping...
['flags.json']
First on heap: []
Too soon to download. Sleeping...
['flags.json']
First on heap: []
Too soon to download. Sleeping...
['flags.json']
First on heap: []
Too soon to download. Sleeping...
['flags.json']
First on heap: []
Too soon to download. Sleeping...
['flags.json']
First on heap: []
Too soon to download. Sleeping...
['flags.json']
First on heap: []
Too soon to download. Sleeping...
['flags.json']
First on heap: []
Too soon to download. Sleeping...
['flags.json']
First on heap: []
Too soon to download. Sleeping...
['flags.json']
First on heap: []
Too soon to download. Sleeping...
['flags.json']
First on heap: []
Too soon to download. Sleeping...
['flags.json']
downloads_waiting_crawl_end - downloads waiting: []
downloads_waiting_crawl_end - crawlers_done: []
First on heap: []
Too soon to download. Sleeping...
['flags.json']
First on heap: []
Too soon to download. Sleeping...
['flags.json']
First on heap: []
Too soon to download. Sleeping...
First on heap: []
Too soon to download. Sleeping...
['flags.json']
['flags.json']
First on heap: []
Too soon to download. Sleeping...
First on heap: []
Too soon to download. Sleeping...
['flags.json']
First on heap: []
Too soon to download. Sleeping...
['flags.json']
First on heap: []
Too soon to download. Sleeping...
['flags.json']
First on heap: []
Too soon to download. Sleeping...
['flags.json']
['flags.json']
First on heap: []
Too soon to download. Sleeping...
First on heap: []
Too soon to download. Sleeping...
['flags.json']
First on heap: []
Too soon to download. Sleeping...
['flags.json']
